-------------------------------------------------------------------------------
Test set: com.plantronics.FastTestSuite
-------------------------------------------------------------------------------
Tests run: 4, Failures: 4, Errors: 0, Skipped: 0, Time elapsed: 21.471 s <<< FAILURE! - in com.plantronics.FastTestSuite
testPubSub(com.plantronics.QDPubNubSubscribeTest)  Time elapsed: 6.098 s  <<< FAILURE!
java.lang.AssertionError: Either msg was not received or was incorrect
	at com.plantronics.QDPubNubSubscribeTest.testPubSub(QDPubNubSubscribeTest.java:176)

testPubSub(com.plantronics.CallEventPubNubSubscribeTest)  Time elapsed: 5.053 s  <<< FAILURE!
java.lang.AssertionError: Either msg was not received or was incorrect
	at com.plantronics.CallEventPubNubSubscribeTest.testPubSub(CallEventPubNubSubscribeTest.java:200)

testPubSub(com.plantronics.DonOnOffPubNubSubscribeTest)  Time elapsed: 5.016 s  <<< FAILURE!
java.lang.AssertionError: Either msg was not received or was incorrect
	at com.plantronics.DonOnOffPubNubSubscribeTest.testPubSub(DonOnOffPubNubSubscribeTest.java:176)

testPubSub(com.plantronics.MutePubNubSubscribeTest)  Time elapsed: 5.017 s  <<< FAILURE!
java.lang.AssertionError: Either msg was not received or was incorrect
	at com.plantronics.MutePubNubSubscribeTest.testPubSub(MutePubNubSubscribeTest.java:176)

