<?xml version="1.0" encoding="UTF-8"?>
<testsuite xmlns:xsi="http://www.w3.org/2001/XMLSchema-instance" xsi:noNamespaceSchemaLocation="https://maven.apache.org/surefire/maven-surefire-plugin/xsd/surefire-test-report.xsd" name="com.plantronics.FastTestSuite" time="21.471" tests="4" errors="0" skipped="0" failures="4">
  <properties>
[...]
</properties>
  <testcase name="testPubSub" classname="com.plantronics.QDPubNubSubscribeTest" time="6.098">
    <failure message="Either msg was not received or was incorrect" type="java.lang.AssertionError">java.lang.AssertionError: Either msg was not received or was incorrect
	at com.plantronics.QDPubNubSubscribeTest.testPubSub(QDPubNubSubscribeTest.java:176)
</failure>
    <system-out><![CDATA[Inside init
Publish success! Time token: {}15349678452474753
Category not found. Status:PNAcknowledgmentCategory ErrorData  null
Category not found. Status:PNConnectedCategory ErrorData  null
]]></system-out>
    <system-err><![CDATA[SLF4J: Class path contains multiple SLF4J bindings.
SLF4J: Found binding in [jar:file:/Users/cdikshit/.m2/repository/org/slf4j/slf4j-nop/1.7.21/slf4j-nop-1.7.21.jar!/org/slf4j/impl/StaticLoggerBinder.class]
SLF4J: Found binding in [jar:file:/Users/cdikshit/.m2/repository/org/slf4j/slf4j-simple/1.7.13/slf4j-simple-1.7.13.jar!/org/slf4j/impl/StaticLoggerBinder.class]
SLF4J: See http://www.slf4j.org/codes.html#multiple_bindings for an explanation.
SLF4J: Actual binding is of type [org.slf4j.helpers.NOPLoggerFactory]
]]></system-err>
  </testcase>
  <testcase name="testPubSub" classname="com.plantronics.CallEventPubNubSubscribeTest" time="5.053">
    <failure message="Either msg was not received or was incorrect" type="java.lang.AssertionError">java.lang.AssertionError: Either msg was not received or was incorrect
	at com.plantronics.CallEventPubNubSubscribeTest.testPubSub(CallEventPubNubSubscribeTest.java:200)
</failure>
    <system-out><![CDATA[Inside init
Publish success! Time token: {}15349678499156517
Category not found. Status:PNAcknowledgmentCategory ErrorData  null
Category not found. Status:PNConnectedCategory ErrorData  null
]]></system-out>
  </testcase>
  <testcase name="testPubSub" classname="com.plantronics.DonOnOffPubNubSubscribeTest" time="5.016">
    <failure message="Either msg was not received or was incorrect" type="java.lang.AssertionError">java.lang.AssertionError: Either msg was not received or was incorrect
	at com.plantronics.DonOnOffPubNubSubscribeTest.testPubSub(DonOnOffPubNubSubscribeTest.java:176)
</failure>
    <system-out><![CDATA[Inside init
Category not found. Status:PNConnectedCategory ErrorData  null
Publish success! Time token: {}15349678550185020
Category not found. Status:PNAcknowledgmentCategory ErrorData  null
]]></system-out>
  </testcase>
  <testcase name="testPubSub" classname="com.plantronics.MutePubNubSubscribeTest" time="5.017">
    <failure message="Either msg was not received or was incorrect" type="java.lang.AssertionError">java.lang.AssertionError: Either msg was not received or was incorrect
	at com.plantronics.MutePubNubSubscribeTest.testPubSub(MutePubNubSubscribeTest.java:176)
</failure>
    <system-out><![CDATA[Inside init
Publish success! Time token: {}15349678600892221
Category not found. Status:PNAcknowledgmentCategory ErrorData  null
Category not found. Status:PNConnectedCategory ErrorData  null
]]></system-out>
  </testcase>
</testsuite>